<?xml version="1.0" encoding="UTF-8"?>
<!-- Generated by org.testng.reporters.JUnitReportReporter -->
<testsuite hostname="ADMINGR-7U78G74" name="qa.Simpletest" tests="1" failures="0" timestamp="31 May 2019 06:48:41 GMT" time="0.008" errors="0">
  <testcase name="sum" time="0.008" classname="qa.Simpletest"/>
</testsuite> <!-- qa.Simpletest -->
