<?xml version="1.0" encoding="UTF-8"?>
<!-- Generated by org.testng.reporters.JUnitReportReporter -->
<testsuite skipped="0" hostname="ADMINGR-7U78G74" name="dealer.Dealer$dealer_Login" tests="1" failures="0" timestamp="29 Nov 2019 06:33:39 GMT" time="21.592" errors="0">
  <testcase name="login" time="21.592" classname="dealer.Dealer$dealer_Login"/>
</testsuite> <!-- dealer.Dealer$dealer_Login -->
