<?xml version="1.0" encoding="UTF-8"?>
<!-- Generated by org.testng.reporters.JUnitReportReporter -->
<testsuite skipped="0" hostname="ADMINGR-7U78G74" name="inspector.Creatappointment" tests="1" failures="0" timestamp="19 Dec 2019 05:48:30 GMT" time="8.393" errors="0">
  <testcase name="login" time="8.393" classname="inspector.Creatappointment"/>
</testsuite> <!-- inspector.Creatappointment -->
