<?xml version="1.0" encoding="UTF-8"?>
<!-- Generated by org.testng.reporters.JUnitReportReporter -->
<testsuite skipped="0" hostname="ADMINGR-7U78G74" name="RecallAGRPID.Recallalert.Adminl" tests="1" failures="0" timestamp="29 Nov 2019 06:22:45 GMT" time="6.709" errors="0">
  <testcase name="pop" time="6.709" classname="RecallAGRPID.Recallalert.Adminl"/>
</testsuite> <!-- RecallAGRPID.Recallalert.Adminl -->
