<?xml version="1.0" encoding="UTF-8"?>
<!-- Generated by org.testng.reporters.JUnitReportReporter -->
<testsuite skipped="0" hostname="ADMINGR-7U78G74" name="realtor.Realtor_Login$realtor_Login" tests="1" failures="0" timestamp="29 Nov 2019 06:30:56 GMT" time="16.834" errors="0">
  <testcase name="login" time="16.834" classname="realtor.Realtor_Login$realtor_Login"/>
</testsuite> <!-- realtor.Realtor_Login$realtor_Login -->
