<?xml version="1.0" encoding="UTF-8"?>
<!-- Generated by org.testng.reporters.JUnitReportReporter -->
<testsuite skipped="0" hostname="ADMINGR-7U78G74" name="inspector.Realtoradd" tests="1" failures="0" timestamp="19 Dec 2019 05:28:45 GMT" time="8.783" errors="0">
  <testcase name="login" time="8.783" classname="inspector.Realtoradd"/>
</testsuite> <!-- inspector.Realtoradd -->
