<?xml version="1.0" encoding="UTF-8"?>
<!-- Generated by org.testng.reporters.JUnitReportReporter -->
<testsuite skipped="0" hostname="ADMINGR-7U78G74" name="customer.Customer_Login$customer_Login" tests="1" failures="0" timestamp="02 Dec 2019 05:04:26 GMT" time="6.472" errors="0">
  <testcase name="login" time="6.472" classname="customer.Customer_Login$customer_Login"/>
</testsuite> <!-- customer.Customer_Login$customer_Login -->
