<?xml version="1.0" encoding="UTF-8"?>
<!-- Generated by org.testng.reporters.JUnitReportReporter -->
<testsuite skipped="0" hostname="ADMINGR-7U78G74" name="inspector.Inspector_Login" tests="1" failures="0" timestamp="29 Nov 2019 06:27:54 GMT" time="6.126" errors="0">
  <testcase name="login" time="6.126" classname="inspector.Inspector_Login"/>
</testsuite> <!-- inspector.Inspector_Login -->
