<?xml version="1.0" encoding="UTF-8"?>
<!-- Generated by org.testng.reporters.JUnitReportReporter -->
<testsuite skipped="0" hostname="ADMINGR-7U78G74" name="customer.Forgot_password" tests="1" failures="0" timestamp="04 Dec 2019 07:23:31 GMT" time="6.898" errors="0">
  <testcase name="forgetpassword" time="6.898" classname="customer.Forgot_password"/>
</testsuite> <!-- customer.Forgot_password -->
