<?xml version="1.0" encoding="UTF-8"?>
<!-- Generated by org.testng.reporters.JUnitReportReporter -->
<testsuite skipped="0" hostname="ADMINGR-7U78G74" name="inspector.Inspector_Login" tests="1" failures="0" timestamp="02 Dec 2019 04:32:05 GMT" time="10.232" errors="0">
  <testcase name="login" time="10.232" classname="inspector.Inspector_Login"/>
</testsuite> <!-- inspector.Inspector_Login -->
