<?xml version="1.0" encoding="UTF-8"?>
<!-- Generated by org.testng.reporters.JUnitReportReporter -->
<testsuite skipped="0" hostname="ADMINGR-7U78G74" name="customer.Customer_Login$customer_Login" tests="1" failures="0" timestamp="29 Nov 2019 06:39:04 GMT" time="7.252" errors="0">
  <testcase name="login" time="7.252" classname="customer.Customer_Login$customer_Login"/>
</testsuite> <!-- customer.Customer_Login$customer_Login -->
